#
# There is insufficient memory for the Java Runtime Environment to continue.
# Native memory allocation (mmap) failed to map 266338304 bytes for Failed to commit area from 0x0000000702000000 to 0x0000000711e00000 of length 266338304.
# Possible reasons:
#   The system is out of physical RAM or swap space
#   The process is running with CompressedOops enabled, and the Java Heap may be blocking the growth of the native heap
# Possible solutions:
#   Reduce memory load on the system
#   Increase physical memory or swap space
#   Check if swap backing store is full
#   Decrease Java heap size (-Xmx/-Xms)
#   Decrease number of Java threads
#   Decrease Java thread stack sizes (-Xss)
#   Set larger code cache with -XX:ReservedCodeCacheSize=
# This output file may be truncated or incomplete.
#
#  Out of Memory Error (src/hotspot/os/windows/os_windows.cpp:3627), pid=21836, tid=35336
#
# JRE version:  (11.0.15+10) (build )
# Java VM: OpenJDK 64-Bit Server VM (11.0.15+10-b2043.56, mixed mode, sharing, tiered, compressed oops, g1 gc, windows-amd64)
# No core dump will be written. Minidumps are not enabled by default on client versions of Windows
#

---------------  S U M M A R Y ------------

Command Line: git4idea.http.GitAskPassApp Username for 'https://github.com': 

Host: Intel(R) Core(TM) i5-10400F CPU @ 2.90GHz, 12 cores, 15G,  Windows 10 , 64 bit Build 19041 (10.0.19041.4717)
Time: Fri Nov 29 01:22:39 2024 SE Asia Standard Time elapsed time: 0.013853 seconds (0d 0h 0m 0s)

---------------  T H R E A D  ---------------

Current thread (0x000002a8b89a2000):  JavaThread "Unknown thread" [_thread_in_vm, id=35336, stack(0x000000af7a800000,0x000000af7a900000)]

Stack: [0x000000af7a800000,0x000000af7a900000]
Native frames: (J=compiled Java code, j=interpreted, Vv=VM code, C=native code)
V  [jvm.dll+0x61612a]
V  [jvm.dll+0x79c450]
V  [jvm.dll+0x79da6d]
V  [jvm.dll+0x79e143]
V  [jvm.dll+0x24cc18]
V  [jvm.dll+0x613174]
V  [jvm.dll+0x607e55]
V  [jvm.dll+0x30b1cb]
V  [jvm.dll+0x30b13a]
V  [jvm.dll+0x30b012]
V  [jvm.dll+0x30ff76]
V  [jvm.dll+0x35b4c3]
V  [jvm.dll+0x35bbc6]
V  [jvm.dll+0x35b5c3]
V  [jvm.dll+0x2e5918]
V  [jvm.dll+0x2e6ab7]
V  [jvm.dll+0x7794f7]
V  [jvm.dll+0x77acec]
V  [jvm.dll+0x368a59]
V  [jvm.dll+0x75ce8e]
V  [jvm.dll+0x3d6a33]
V  [jvm.dll+0x3d9001]
C  [jli.dll+0x536b]
C  [ucrtbase.dll+0x21bb2]
C  [KERNEL32.DLL+0x17374]
C  [ntdll.dll+0x4cc91]


---------------  P R O C E S S  ---------------

Threads class SMR info:
_java_thread_list=0x000002a8b66924b0, length=0, elements={
}

Java Threads: ( => current thread )

Other Threads:
  0x000002a8b89bc000 GCTaskThread "GC Thread#0" [stack: 0x000000af7a900000,0x000000af7aa00000] [id=33488]
  0x000002a8b8a19000 ConcurrentGCThread "G1 Main Marker" [stack: 0x000000af7aa00000,0x000000af7ab00000] [id=29780]
  0x000002a8b8a1c800 ConcurrentGCThread "G1 Conc#0" [stack: 0x000000af7ab00000,0x000000af7ac00000] [id=20612]

[error occurred during error reporting (printing all threads), id 0xc0000005, EXCEPTION_ACCESS_VIOLATION (0xc0000005) at pc=0x00007ffa36836017]

VM state:not at safepoint (not fully initialized)

VM Mutex/Monitor currently owned by a thread:  ([mutex/lock_event])
[0x000002a8b899e210] Heap_lock - owner thread: 0x000002a8b89a2000

Heap address: 0x0000000702000000, size: 4064 MB, Compressed Oops mode: Non-zero based: 0x0000000702000000
Narrow klass base: 0x0000000000000000, Narrow klass shift: 0

GC Heap History (0 events):
No events

Deoptimization events (0 events):
No events

Classes redefined (0 events):
No events

Internal exceptions (0 events):
No events

Events (1 events):
Event: 0.007 Loaded shared library D:\PhpStorm 2022.1.4\jbr\bin\zip.dll


Dynamic libraries:
0x00007ff6fcbb0000 - 0x00007ff6fcbba000 	D:\PhpStorm 2022.1.4\jbr\bin\java.exe
0x00007ffa69170000 - 0x00007ffa69368000 	C:\Windows\SYSTEM32\ntdll.dll
0x00007ffa67b40000 - 0x00007ffa67c01000 	C:\Windows\System32\KERNEL32.DLL
0x00007ffa66820000 - 0x00007ffa66b1d000 	C:\Windows\System32\KERNELBASE.dll
0x00007ffa66ea0000 - 0x00007ffa66fa0000 	C:\Windows\System32\ucrtbase.dll
0x00007ffa5d520000 - 0x00007ffa5d536000 	D:\PhpStorm 2022.1.4\jbr\bin\VCRUNTIME140.dll
0x00007ffa5d570000 - 0x00007ffa5d589000 	D:\PhpStorm 2022.1.4\jbr\bin\jli.dll
0x00007ffa67c10000 - 0x00007ffa67dad000 	C:\Windows\System32\USER32.dll
0x00007ffa51000000 - 0x00007ffa5129a000 	C:\Windows\WinSxS\amd64_microsoft.windows.common-controls_6595b64144ccf1df_6.0.19041.4355_none_60b8b9eb71f62e16\COMCTL32.dll
0x00007ffa66c60000 - 0x00007ffa66c82000 	C:\Windows\System32\win32u.dll
0x00007ffa671a0000 - 0x00007ffa6723e000 	C:\Windows\System32\msvcrt.dll
0x00007ffa68cf0000 - 0x00007ffa68d1b000 	C:\Windows\System32\GDI32.dll
0x00007ffa66d50000 - 0x00007ffa66e67000 	C:\Windows\System32\gdi32full.dll
0x00007ffa67100000 - 0x00007ffa6719d000 	C:\Windows\System32\msvcp_win.dll
0x00007ffa69100000 - 0x00007ffa6912f000 	C:\Windows\System32\IMM32.DLL
0x00007ffa383a0000 - 0x00007ffa3844a000 	D:\PhpStorm 2022.1.4\jbr\bin\msvcp140.dll
0x00007ffa36540000 - 0x00007ffa370bb000 	D:\PhpStorm 2022.1.4\jbr\bin\server\jvm.dll
0x00007ffa68570000 - 0x00007ffa68620000 	C:\Windows\System32\ADVAPI32.dll
0x00007ffa68ff0000 - 0x00007ffa69090000 	C:\Windows\System32\sechost.dll
0x00007ffa68d20000 - 0x00007ffa68e43000 	C:\Windows\System32\RPCRT4.dll
0x00007ffa66e70000 - 0x00007ffa66e97000 	C:\Windows\System32\bcrypt.dll
0x00007ffa68e50000 - 0x00007ffa68e58000 	C:\Windows\System32\PSAPI.DLL
0x00007ffa63360000 - 0x00007ffa63369000 	C:\Windows\SYSTEM32\WSOCK32.dll
0x00007ffa56a90000 - 0x00007ffa56ab7000 	C:\Windows\SYSTEM32\WINMM.dll
0x00007ffa69090000 - 0x00007ffa690fb000 	C:\Windows\System32\WS2_32.dll
0x00007ffa64760000 - 0x00007ffa6476a000 	C:\Windows\SYSTEM32\VERSION.dll
0x00007ffa65040000 - 0x00007ffa65052000 	C:\Windows\SYSTEM32\kernel.appcore.dll
0x00007ffa5f0c0000 - 0x00007ffa5f0d1000 	D:\PhpStorm 2022.1.4\jbr\bin\verify.dll
0x00007ffa4faa0000 - 0x00007ffa4fc84000 	C:\Windows\SYSTEM32\DBGHELP.DLL
0x00007ffa4fa60000 - 0x00007ffa4fa94000 	C:\Windows\SYSTEM32\dbgcore.DLL
0x00007ffa66b20000 - 0x00007ffa66ba2000 	C:\Windows\System32\bcryptPrimitives.dll
0x00007ffa5d030000 - 0x00007ffa5d059000 	D:\PhpStorm 2022.1.4\jbr\bin\java.dll
0x00007ffa60eb0000 - 0x00007ffa60ebb000 	D:\PhpStorm 2022.1.4\jbr\bin\jimage.dll
0x00007ffa5e9a0000 - 0x00007ffa5e9b9000 	D:\PhpStorm 2022.1.4\jbr\bin\zip.dll

dbghelp: loaded successfully - version: 4.0.5 - missing functions: none
symbol engine: initialized successfully - sym options: 0x614 - pdb path: .;D:\PhpStorm 2022.1.4\jbr\bin;C:\Windows\SYSTEM32;C:\Windows\WinSxS\amd64_microsoft.windows.common-controls_6595b64144ccf1df_6.0.19041.4355_none_60b8b9eb71f62e16;D:\PhpStorm 2022.1.4\jbr\bin\server

VM Arguments:
java_command: git4idea.http.GitAskPassApp Username for 'https://github.com': 
java_class_path (initial): D:/PhpStorm 2022.1.4/plugins/git4idea/lib/git4idea-rt.jar;D:/PhpStorm 2022.1.4/lib/externalProcess-rt.jar;D:/PhpStorm 2022.1.4/lib/app.jar;D:/PhpStorm 2022.1.4/lib/3rd-party-rt.jar
Launcher Type: SUN_STANDARD

[Global flags]
     intx CICompilerCount                          = 4                                         {product} {ergonomic}
     uint ConcGCThreads                            = 3                                         {product} {ergonomic}
     uint G1ConcRefinementThreads                  = 10                                        {product} {ergonomic}
   size_t G1HeapRegionSize                         = 1048576                                   {product} {ergonomic}
    uintx GCDrainStackTargetSize                   = 64                                        {product} {ergonomic}
   size_t InitialHeapSize                          = 266338304                                 {product} {ergonomic}
   size_t MarkStackSize                            = 4194304                                   {product} {ergonomic}
   size_t MaxHeapSize                              = 4261412864                                {product} {ergonomic}
   size_t MinHeapDeltaBytes                        = 1048576                                   {product} {ergonomic}
    uintx NonNMethodCodeHeapSize                   = 5836300                                {pd product} {ergonomic}
    uintx NonProfiledCodeHeapSize                  = 122910970                              {pd product} {ergonomic}
    uintx ProfiledCodeHeapSize                     = 122910970                              {pd product} {ergonomic}
    uintx ReservedCodeCacheSize                    = 251658240                              {pd product} {ergonomic}
     bool SegmentedCodeCache                       = true                                      {product} {ergonomic}
     bool UseCompressedClassPointers               = true                                 {lp64_product} {ergonomic}
     bool UseCompressedOops                        = true                                 {lp64_product} {ergonomic}
     bool UseG1GC                                  = true                                      {product} {ergonomic}
     bool UseLargePagesIndividualAllocation        = false                                  {pd product} {ergonomic}

Logging:
Log output configuration:
 #0: stdout all=warning uptime,level,tags
 #1: stderr all=off uptime,level,tags

Environment Variables:
PATH=C:\Program Files\Git\mingw64\libexec\git-core;C:\Program Files\Git\mingw64\libexec\git-core;C:\Program Files\Git\mingw64\bin;C:\Program Files\Git\usr\bin;C:\Users\admin\bin;C:\Windows\system32;C:\Windows;C:\Windows\System32\Wbem;C:\Windows\System32\WindowsPowerShell\v1.0;C:\Windows\System32\OpenSSH;C:\Program Files (x86)\NVIDIA Corporation\PhysX\Common;C:\Program Files\Git\cmd;C:\Program Files\Cloudflare\Cloudflare WARP;C:\xampp\php;C:\composer;C:\Program Files\Docker\Docker\resources\bin;C:\Users\admin\AppData\Roaming\nvm;C:\Program Files\nodejs;C:\Users\admin\AppData\Local\Microsoft\WindowsApps;C:\Users\admin\AppData\Local\Programs\Microsoft VS Code\bin;C:\Users\admin\AppData\Roaming\npm;C:\Users\admin\AppData\Roaming\Composer\vendor\bin;D:\PhpStorm 2023.2.3\bin;D:\IntelliJ IDEA 2023.3.4\bin;D:\sqlite;C:\Users\admin\AppData\Roaming\nvm;C:\Program Files\nodejs
USERNAME=admin
DISPLAY=:0.0
LC_ALL=en_US.UTF-8
OS=Windows_NT
PROCESSOR_IDENTIFIER=Intel64 Family 6 Model 165 Stepping 3, GenuineIntel



---------------  S Y S T E M  ---------------

OS: Windows 10 , 64 bit Build 19041 (10.0.19041.4717)
OS uptime: 35 days 2:45 hours
Hyper-V role detected

CPU:total 12 (initial active 12) (6 cores per cpu, 2 threads per core) family 6 model 165 stepping 3 microcode 0xe0, cmov, cx8, fxsr, mmx, sse, sse2, sse3, ssse3, sse4.1, sse4.2, popcnt, avx, avx2, aes, clmul, erms, 3dnowpref, lzcnt, ht, tsc, tscinvbit, bmi1, bmi2, adx, fma

Memory: 4k page, system-wide physical 16254M (648M free)
TotalPageFile size 30462M (AvailPageFile size 157M)
current process WorkingSet (physical memory assigned to process): 10M, peak: 10M
current process commit charge ("private bytes"): 64M, peak: 318M

vm_info: OpenJDK 64-Bit Server VM (11.0.15+10-b2043.56) for windows-amd64 JRE (11.0.15+10-b2043.56), built on May 16 2022 02:28:12 by "" with MS VC++ 14.0 (VS2015)

END.
